2020-04-14 18:23:12 WARNING (MainThread) [homeassistant.loader] You are using a custom integration for ziggonext which has not been tested by Home Assistant. This component might cause stability problems, be sure to disable it if you experience issues with Home Assistant.
2020-04-14 18:23:12 WARNING (MainThread) [homeassistant.loader] You are using a custom integration for spotcast which has not been tested by Home Assistant. This component might cause stability problems, be sure to disable it if you experience issues with Home Assistant.
2020-04-14 18:23:16 WARNING (MainThread) [homeassistant.components.lovelace] Resources need to be specified in your configuration.yaml. Please see the docs.
2020-04-14 18:23:35 WARNING (MainThread) [homeassistant.loader] You are using a custom integration for emby_upcoming_media which has not been tested by Home Assistant. This component might cause stability problems, be sure to disable it if you experience issues with Home Assistant.
2020-04-14 18:23:56 WARNING (MainThread) [homeassistant.loader] You are using a custom integration for afvalbeheer which has not been tested by Home Assistant. This component might cause stability problems, be sure to disable it if you experience issues with Home Assistant.
2020-04-14 18:24:03 WARNING (MainThread) [homeassistant.components.cloud.google_config] Error reporting state - 5: Requested entity was not found.
2020-04-14 18:24:03 WARNING (MainThread) [homeassistant.components.cloud.google_config] Error reporting state - 5: Requested entity was not found.
2020-04-14 18:24:42 WARNING (MainThread) [homeassistant.components.lovelace] Resources need to be specified in your configuration.yaml. Please see the docs.
2020-04-14 18:24:42 ERROR (MainThread) [frontend.js.latest.202003181] http://10.0.1.2:8123/local/js/compact-custom-header.js?v=0.0.1:279:35 Uncaught TypeError: Cannot read property 'style' of null
2020-04-14 18:24:42 ERROR (MainThread) [frontend.js.latest.202003181] http://10.0.1.2:8123/local/js/compact-custom-header.js?v=0.0.1:279:35 Uncaught TypeError: Cannot read property 'style' of null
2020-04-14 18:24:42 ERROR (MainThread) [frontend.js.latest.202003181] http://10.0.1.2:8123/local/js/compact-custom-header.js?v=0.0.1:580:17 Uncaught TypeError: Cannot read property 'style' of null
2020-04-14 18:24:55 WARNING (MainThread) [homeassistant.components.mqtt.binary_sensor] No matching payload found for entity: woonkamer_plafond_voor_update_available with state topic: zigbee2mqtt/woonkamer_plafond_voor. Payload: , with value template Template("{{ value_json.update_available}}")
2020-04-14 18:24:57 WARNING (MainThread) [homeassistant.components.mqtt.binary_sensor] No matching payload found for entity: woonkamer_plafond_voor_update_available with state topic: zigbee2mqtt/woonkamer_plafond_voor. Payload: , with value template Template("{{ value_json.update_available}}")
2020-04-14 18:24:58 WARNING (MainThread) [homeassistant.components.mqtt.binary_sensor] No matching payload found for entity: woonkamer_plafond_voor_update_available with state topic: zigbee2mqtt/woonkamer_plafond_voor. Payload: , with value template Template("{{ value_json.update_available}}")
2020-04-14 18:24:59 WARNING (MainThread) [homeassistant.components.mqtt.binary_sensor] No matching payload found for entity: woonkamer_plafond_voor_update_available with state topic: zigbee2mqtt/woonkamer_plafond_voor. Payload: , with value template Template("{{ value_json.update_available}}")
2020-04-14 18:25:02 WARNING (MainThread) [homeassistant.components.cloud.google_config] Error reporting state - 5: Requested entity was not found.
2020-04-14 18:26:41 WARNING (MainThread) [homeassistant.helpers.entity] Update of sensor.chromecast_devices is taking over 10 seconds
2020-04-14 18:28:11 WARNING (MainThread) [homeassistant.components.lovelace] Resources need to be specified in your configuration.yaml. Please see the docs.
2020-04-14 18:28:11 ERROR (MainThread) [frontend.js.latest.202003181] http://10.0.1.2:8123/local/js/compact-custom-header.js?v=0.0.1:279:35 Uncaught TypeError: Cannot read property 'style' of null
2020-04-14 18:28:11 ERROR (MainThread) [frontend.js.latest.202003181] http://10.0.1.2:8123/local/js/compact-custom-header.js?v=0.0.1:279:35 Uncaught TypeError: Cannot read property 'style' of null
2020-04-14 18:28:11 ERROR (MainThread) [frontend.js.latest.202003181] http://10.0.1.2:8123/local/js/compact-custom-header.js?v=0.0.1:580:17 Uncaught TypeError: Cannot read property 'style' of null
2020-04-14 18:28:14 WARNING (MainThread) [homeassistant.helpers.entity] Update of sensor.chromecast_devices is taking over 10 seconds
2020-04-14 18:28:31 WARNING (MainThread) [homeassistant.components.mqtt.binary_sensor] No matching payload found for entity: woonkamer_plafond_achter_update_available with state topic: zigbee2mqtt/woonkamer_plafond_achter. Payload: , with value template Template("{{ value_json.update_available}}")
2020-04-14 18:28:33 WARNING (MainThread) [homeassistant.components.mqtt.binary_sensor] No matching payload found for entity: woonkamer_plafond_achter_update_available with state topic: zigbee2mqtt/woonkamer_plafond_achter. Payload: , with value template Template("{{ value_json.update_available}}")
2020-04-14 18:30:49 WARNING (MainThread) [homeassistant.helpers.entity] Update of sensor.chromecast_devices is taking over 10 seconds
2020-04-14 18:33:55 WARNING (MainThread) [homeassistant.helpers.entity] Update of sensor.chromecast_devices is taking over 10 seconds
2020-04-14 18:34:57 WARNING (MainThread) [homeassistant.helpers.entity] Update of sensor.chromecast_devices is taking over 10 seconds
2020-04-14 18:37:22 WARNING (MainThread) [homeassistant.components.cloud.google_config] Error reporting state - 5: Requested entity was not found.
2020-04-14 18:42:42 WARNING (MainThread) [homeassistant.helpers.entity] Update of sensor.chromecast_devices is taking over 10 seconds
2020-04-14 18:45:47 WARNING (MainThread) [homeassistant.helpers.entity] Update of sensor.chromecast_devices is taking over 10 seconds
2020-04-14 18:49:55 WARNING (MainThread) [homeassistant.helpers.entity] Update of sensor.chromecast_devices is taking over 10 seconds
2020-04-14 18:54:34 WARNING (MainThread) [homeassistant.helpers.entity] Update of sensor.chromecast_devices is taking over 10 seconds
2020-04-14 18:55:09 WARNING (MainThread) [homeassistant.components.cloud.google_config] Error reporting state - 5: Requested entity was not found.
2020-04-14 18:55:36 WARNING (MainThread) [homeassistant.helpers.entity] Update of sensor.chromecast_devices is taking over 10 seconds
2020-04-14 18:58:42 WARNING (MainThread) [homeassistant.helpers.entity] Update of sensor.chromecast_devices is taking over 10 seconds
2020-04-14 19:00:46 WARNING (MainThread) [homeassistant.helpers.entity] Update of sensor.chromecast_devices is taking over 10 seconds
2020-04-14 19:02:19 WARNING (MainThread) [homeassistant.helpers.entity] Update of sensor.chromecast_devices is taking over 10 seconds
2020-04-14 19:02:50 WARNING (MainThread) [homeassistant.helpers.entity] Update of sensor.chromecast_devices is taking over 10 seconds
2020-04-14 19:03:52 WARNING (MainThread) [homeassistant.helpers.entity] Update of sensor.chromecast_devices is taking over 10 seconds
2020-04-14 19:04:54 WARNING (MainThread) [homeassistant.helpers.entity] Update of sensor.chromecast_devices is taking over 10 seconds
2020-04-14 19:10:35 WARNING (MainThread) [homeassistant.helpers.entity] Update of sensor.chromecast_devices is taking over 10 seconds
2020-04-14 19:11:06 WARNING (MainThread) [homeassistant.helpers.entity] Update of sensor.chromecast_devices is taking over 10 seconds
2020-04-14 19:11:37 WARNING (MainThread) [homeassistant.helpers.entity] Update of sensor.chromecast_devices is taking over 10 seconds
2020-04-14 19:17:49 WARNING (MainThread) [homeassistant.helpers.entity] Update of sensor.chromecast_devices is taking over 10 seconds
2020-04-14 19:18:20 WARNING (MainThread) [homeassistant.helpers.entity] Update of sensor.chromecast_devices is taking over 10 seconds
2020-04-14 19:24:31 WARNING (MainThread) [homeassistant.helpers.entity] Update of sensor.chromecast_devices is taking over 10 seconds
2020-04-14 19:25:33 WARNING (MainThread) [homeassistant.helpers.entity] Update of sensor.chromecast_devices is taking over 10 seconds
2020-04-14 19:26:35 WARNING (MainThread) [homeassistant.helpers.entity] Update of sensor.chromecast_devices is taking over 10 seconds
2020-04-14 19:28:08 WARNING (MainThread) [homeassistant.helpers.entity] Update of sensor.chromecast_devices is taking over 10 seconds
2020-04-14 19:29:10 WARNING (MainThread) [homeassistant.helpers.entity] Update of sensor.chromecast_devices is taking over 10 seconds
2020-04-14 19:32:15 WARNING (MainThread) [homeassistant.helpers.entity] Update of sensor.chromecast_devices is taking over 10 seconds
2020-04-14 19:36:23 WARNING (MainThread) [homeassistant.helpers.entity] Update of sensor.chromecast_devices is taking over 10 seconds
2020-04-14 19:38:27 WARNING (MainThread) [homeassistant.helpers.entity] Update of sensor.chromecast_devices is taking over 10 seconds
2020-04-14 19:39:29 WARNING (MainThread) [homeassistant.helpers.entity] Update of sensor.chromecast_devices is taking over 10 seconds
2020-04-14 19:40:31 WARNING (MainThread) [homeassistant.helpers.entity] Update of sensor.chromecast_devices is taking over 10 seconds
2020-04-14 19:48:15 WARNING (MainThread) [homeassistant.helpers.entity] Update of sensor.chromecast_devices is taking over 10 seconds
2020-04-14 19:50:19 WARNING (MainThread) [homeassistant.helpers.entity] Update of sensor.chromecast_devices is taking over 10 seconds
2020-04-14 19:52:22 WARNING (MainThread) [homeassistant.helpers.entity] Update of sensor.chromecast_devices is taking over 10 seconds
2020-04-14 20:06:19 WARNING (MainThread) [homeassistant.helpers.entity] Update of sensor.chromecast_devices is taking over 10 seconds
2020-04-14 20:07:21 WARNING (MainThread) [homeassistant.helpers.entity] Update of sensor.chromecast_devices is taking over 10 seconds
2020-04-14 20:08:05 WARNING (MainThread) [homeassistant.components.light.reproduce_state] The use of other attributes than device state attributes is deprecated and will be removed in a future release. Read the logs for further details: https://www.home-assistant.io/integrations/scene/
2020-04-14 20:08:05 WARNING (MainThread) [homeassistant.components.light.reproduce_state] The use of other attributes than device state attributes is deprecated and will be removed in a future release. Read the logs for further details: https://www.home-assistant.io/integrations/scene/
2020-04-14 20:08:05 WARNING (MainThread) [homeassistant.components.light.reproduce_state] The use of other attributes than device state attributes is deprecated and will be removed in a future release. Read the logs for further details: https://www.home-assistant.io/integrations/scene/
2020-04-14 20:08:05 WARNING (MainThread) [homeassistant.components.light.reproduce_state] The use of other attributes than device state attributes is deprecated and will be removed in a future release. Read the logs for further details: https://www.home-assistant.io/integrations/scene/
2020-04-14 20:08:05 WARNING (MainThread) [homeassistant.components.light.reproduce_state] The use of other attributes than device state attributes is deprecated and will be removed in a future release. Read the logs for further details: https://www.home-assistant.io/integrations/scene/
2020-04-14 20:08:05 WARNING (MainThread) [homeassistant.components.light.reproduce_state] The use of other attributes than device state attributes is deprecated and will be removed in a future release. Read the logs for further details: https://www.home-assistant.io/integrations/scene/
2020-04-14 20:08:05 WARNING (MainThread) [homeassistant.components.light.reproduce_state] The use of other attributes than device state attributes is deprecated and will be removed in a future release. Read the logs for further details: https://www.home-assistant.io/integrations/scene/
2020-04-14 20:08:05 WARNING (MainThread) [homeassistant.components.mqtt.binary_sensor] No matching payload found for entity: woonkamer_plafond_achter_update_available with state topic: zigbee2mqtt/woonkamer_plafond_achter. Payload: , with value template Template("{{ value_json.update_available}}")
2020-04-14 20:08:05 WARNING (MainThread) [homeassistant.components.mqtt.binary_sensor] No matching payload found for entity: woonkamer_plafond_voor_update_available with state topic: zigbee2mqtt/woonkamer_plafond_voor. Payload: , with value template Template("{{ value_json.update_available}}")
2020-04-14 20:08:05 WARNING (MainThread) [homeassistant.components.mqtt.binary_sensor] No matching payload found for entity: woonkamer_spot_links_update_available with state topic: zigbee2mqtt/woonkamer_spot_links. Payload: , with value template Template("{{ value_json.update_available}}")
2020-04-14 20:08:05 WARNING (MainThread) [homeassistant.components.mqtt.binary_sensor] No matching payload found for entity: woonkamer_spot_rechts_update_available with state topic: zigbee2mqtt/woonkamer_spot_rechts. Payload: , with value template Template("{{ value_json.update_available}}")
2020-04-14 20:08:05 WARNING (MainThread) [homeassistant.components.mqtt.binary_sensor] No matching payload found for entity: woonkamer_piano_update_available with state topic: zigbee2mqtt/woonkamer_piano. Payload: , with value template Template("{{ value_json.update_available}}")
2020-04-14 20:08:05 WARNING (MainThread) [homeassistant.components.mqtt.binary_sensor] No matching payload found for entity: woonkamer_eettafel_update_available with state topic: zigbee2mqtt/woonkamer_eettafel. Payload: , with value template Template("{{ value_json.update_available}}")
2020-04-14 20:08:06 WARNING (MainThread) [homeassistant.components.mqtt.binary_sensor] No matching payload found for entity: woonkamer_plafond_achter_update_available with state topic: zigbee2mqtt/woonkamer_plafond_achter. Payload: , with value template Template("{{ value_json.update_available}}")
2020-04-14 20:08:06 WARNING (MainThread) [homeassistant.components.mqtt.binary_sensor] No matching payload found for entity: woonkamer_plafond_voor_update_available with state topic: zigbee2mqtt/woonkamer_plafond_voor. Payload: , with value template Template("{{ value_json.update_available}}")
2020-04-14 20:08:06 WARNING (MainThread) [homeassistant.components.mqtt.binary_sensor] No matching payload found for entity: woonkamer_spot_links_update_available with state topic: zigbee2mqtt/woonkamer_spot_links. Payload: , with value template Template("{{ value_json.update_available}}")
2020-04-14 20:08:07 WARNING (MainThread) [homeassistant.components.mqtt.binary_sensor] No matching payload found for entity: woonkamer_spot_rechts_update_available with state topic: zigbee2mqtt/woonkamer_spot_rechts. Payload: , with value template Template("{{ value_json.update_available}}")
2020-04-14 20:08:07 WARNING (MainThread) [homeassistant.components.mqtt.binary_sensor] No matching payload found for entity: woonkamer_piano_update_available with state topic: zigbee2mqtt/woonkamer_piano. Payload: , with value template Template("{{ value_json.update_available}}")
2020-04-14 20:08:07 WARNING (MainThread) [homeassistant.components.mqtt.binary_sensor] No matching payload found for entity: woonkamer_eettafel_update_available with state topic: zigbee2mqtt/woonkamer_eettafel. Payload: , with value template Template("{{ value_json.update_available}}")
2020-04-14 20:08:07 WARNING (MainThread) [homeassistant.components.mqtt.binary_sensor] No matching payload found for entity: slaapkamer_plafond_update_available with state topic: zigbee2mqtt/slaapkamer_plafond. Payload: , with value template Template("{{ value_json.update_available}}")
2020-04-14 20:08:07 WARNING (MainThread) [homeassistant.components.mqtt.binary_sensor] No matching payload found for entity: slaapkamer_bedlamp_peter_update_available with state topic: zigbee2mqtt/slaapkamer_bedlamp_peter. Payload: , with value template Template("{{ value_json.update_available}}")
2020-04-14 20:08:07 WARNING (MainThread) [homeassistant.components.mqtt.binary_sensor] No matching payload found for entity: slaapkamer_bedlamp_sharona_update_available with state topic: zigbee2mqtt/slaapkamer_bedlamp_sharona. Payload: , with value template Template("{{ value_json.update_available}}")
2020-04-14 20:08:07 WARNING (MainThread) [homeassistant.components.mqtt.binary_sensor] No matching payload found for entity: slaapkamer_dressoir_update_available with state topic: zigbee2mqtt/slaapkamer_dressoir. Payload: , with value template Template("{{ value_json.update_available}}")
2020-04-14 20:08:09 WARNING (MainThread) [homeassistant.components.mqtt.binary_sensor] No matching payload found for entity: woonkamer_muurspot_update_available with state topic: zigbee2mqtt/woonkamer_muurspot. Payload: , with value template Template("{{ value_json.update_available}}")
2020-04-14 20:08:09 WARNING (MainThread) [homeassistant.components.mqtt.binary_sensor] No matching payload found for entity: woonkamer_muurspot_update_available with state topic: zigbee2mqtt/woonkamer_muurspot. Payload: , with value template Template("{{ value_json.update_available}}")
2020-04-14 20:08:55 WARNING (MainThread) [homeassistant.components.http.ban] Login attempt or request with invalid authentication from 10.0.1.14
2020-04-14 20:10:27 WARNING (MainThread) [homeassistant.helpers.entity] Update of sensor.chromecast_devices is taking over 10 seconds
2020-04-14 20:12:00 WARNING (MainThread) [homeassistant.helpers.entity] Update of sensor.chromecast_devices is taking over 10 seconds
2020-04-14 20:14:04 WARNING (MainThread) [homeassistant.helpers.entity] Update of sensor.chromecast_devices is taking over 10 seconds
2020-04-14 20:17:58 WARNING (MainThread) [homeassistant.components.lovelace] Resources need to be specified in your configuration.yaml. Please see the docs.
2020-04-14 20:17:59 ERROR (MainThread) [frontend.js.latest.202003181] http://10.0.1.2:8123/local/js/compact-custom-header.js?v=0.0.1:279:35 Uncaught TypeError: Cannot read property 'style' of null
2020-04-14 20:17:59 ERROR (MainThread) [frontend.js.latest.202003181] http://10.0.1.2:8123/local/js/compact-custom-header.js?v=0.0.1:279:35 Uncaught TypeError: Cannot read property 'style' of null
2020-04-14 20:17:59 ERROR (MainThread) [frontend.js.latest.202003181] http://10.0.1.2:8123/local/js/compact-custom-header.js?v=0.0.1:580:17 Uncaught TypeError: Cannot read property 'style' of null
2020-04-14 20:18:28 WARNING (MainThread) [homeassistant.components.lovelace] Resources need to be specified in your configuration.yaml. Please see the docs.
2020-04-14 20:18:29 ERROR (MainThread) [frontend.js.latest.202003181] http://10.0.1.2:8123/local/js/compact-custom-header.js?v=0.0.1:279:35 Uncaught TypeError: Cannot read property 'style' of null
2020-04-14 20:18:29 ERROR (MainThread) [frontend.js.latest.202003181] http://10.0.1.2:8123/local/js/compact-custom-header.js?v=0.0.1:279:35 Uncaught TypeError: Cannot read property 'style' of null
2020-04-14 20:18:29 ERROR (MainThread) [frontend.js.latest.202003181] http://10.0.1.2:8123/local/js/compact-custom-header.js?v=0.0.1:580:17 Uncaught TypeError: Cannot read property 'style' of null
2020-04-14 20:19:44 ERROR (MainThread) [frontend.js.latest.202003181] http://10.0.1.2:8123/local/js/compact-custom-header.js?v=0.0.1:279:35 Uncaught TypeError: Cannot read property 'style' of null
2020-04-14 20:19:44 ERROR (MainThread) [frontend.js.latest.202003181] http://10.0.1.2:8123/local/js/compact-custom-header.js?v=0.0.1:279:35 Uncaught TypeError: Cannot read property 'style' of null
2020-04-14 20:19:44 ERROR (MainThread) [frontend.js.latest.202003181] http://10.0.1.2:8123/local/js/compact-custom-header.js?v=0.0.1:580:17 Uncaught TypeError: Cannot read property 'style' of null
2020-04-14 20:20:16 WARNING (MainThread) [homeassistant.helpers.entity] Update of sensor.chromecast_devices is taking over 10 seconds
2020-04-14 20:20:52 ERROR (MainThread) [frontend.js.latest.202003181] http://10.0.1.2:8123/local/js/compact-custom-header.js?v=0.0.1:279:35 Uncaught TypeError: Cannot read property 'style' of null
2020-04-14 20:20:52 ERROR (MainThread) [frontend.js.latest.202003181] http://10.0.1.2:8123/local/js/compact-custom-header.js?v=0.0.1:279:35 Uncaught TypeError: Cannot read property 'style' of null
2020-04-14 20:20:52 ERROR (MainThread) [frontend.js.latest.202003181] http://10.0.1.2:8123/local/js/compact-custom-header.js?v=0.0.1:580:17 Uncaught TypeError: Cannot read property 'style' of null
2020-04-14 20:21:18 WARNING (MainThread) [homeassistant.helpers.entity] Update of sensor.chromecast_devices is taking over 10 seconds
2020-04-14 20:21:49 WARNING (MainThread) [homeassistant.helpers.entity] Update of sensor.chromecast_devices is taking over 10 seconds
2020-04-14 20:23:22 WARNING (MainThread) [homeassistant.helpers.entity] Update of sensor.chromecast_devices is taking over 10 seconds
2020-04-14 20:24:52 ERROR (MainThread) [frontend.js.latest.202003181] https://wperibnfw0qjf7edk9e2czhduupdolo4.ui.nabu.casa/local/js/compact-custom-header.js?v=0.0.1:279:34 TypeError: null is not an object (evaluating 'buttons[button].style')
2020-04-14 20:24:52 ERROR (MainThread) [frontend.js.latest.202003181] https://wperibnfw0qjf7edk9e2czhduupdolo4.ui.nabu.casa/local/js/compact-custom-header.js?v=0.0.1:580:16 TypeError: null is not an object (evaluating 'buttons.voice.style')
2020-04-14 20:31:01 ERROR (MainThread) [frontend.js.latest.202003181] http://10.0.1.2:8123/local/js/compact-custom-header.js?v=0.0.1:279:35 Uncaught TypeError: Cannot read property 'style' of null
2020-04-14 20:31:01 ERROR (MainThread) [frontend.js.latest.202003181] http://10.0.1.2:8123/local/js/compact-custom-header.js?v=0.0.1:279:35 Uncaught TypeError: Cannot read property 'style' of null
2020-04-14 20:31:01 ERROR (MainThread) [frontend.js.latest.202003181] http://10.0.1.2:8123/local/js/compact-custom-header.js?v=0.0.1:580:17 Uncaught TypeError: Cannot read property 'style' of null
2020-04-14 20:33:10 WARNING (MainThread) [homeassistant.helpers.entity] Update of sensor.chromecast_devices is taking over 10 seconds
2020-04-14 20:34:12 WARNING (MainThread) [homeassistant.helpers.entity] Update of sensor.chromecast_devices is taking over 10 seconds
2020-04-14 20:36:16 WARNING (MainThread) [homeassistant.helpers.entity] Update of sensor.chromecast_devices is taking over 10 seconds
2020-04-14 20:37:49 WARNING (MainThread) [homeassistant.helpers.entity] Update of sensor.chromecast_devices is taking over 10 seconds
2020-04-14 20:39:22 WARNING (MainThread) [homeassistant.helpers.entity] Update of sensor.chromecast_devices is taking over 10 seconds
2020-04-14 20:40:24 WARNING (MainThread) [homeassistant.helpers.entity] Update of sensor.chromecast_devices is taking over 10 seconds
2020-04-14 20:40:29 ERROR (MainThread) [frontend.js.latest.202003181] http://10.0.1.2:8123/local/js/compact-custom-header.js?v=0.0.1:279:35 Uncaught TypeError: Cannot read property 'style' of null
2020-04-14 20:40:29 ERROR (MainThread) [frontend.js.latest.202003181] http://10.0.1.2:8123/local/js/compact-custom-header.js?v=0.0.1:279:35 Uncaught TypeError: Cannot read property 'style' of null
2020-04-14 20:40:29 ERROR (MainThread) [frontend.js.latest.202003181] http://10.0.1.2:8123/local/js/compact-custom-header.js?v=0.0.1:580:17 Uncaught TypeError: Cannot read property 'style' of null
2020-04-14 20:48:09 WARNING (MainThread) [homeassistant.helpers.entity] Update of sensor.chromecast_devices is taking over 10 seconds
2020-04-14 20:49:11 WARNING (MainThread) [homeassistant.helpers.entity] Update of sensor.chromecast_devices is taking over 10 seconds
2020-04-14 20:49:53 WARNING (MainThread) [homeassistant.components.mqtt.binary_sensor] No matching payload found for entity: hal_entree_1_update_available with state topic: zigbee2mqtt/hal_entree_1. Payload: , with value template Template("{{ value_json.update_available}}")
2020-04-14 20:49:53 WARNING (MainThread) [homeassistant.components.mqtt.binary_sensor] No matching payload found for entity: hal_entree_2_update_available with state topic: zigbee2mqtt/hal_entree_2. Payload: , with value template Template("{{ value_json.update_available}}")
2020-04-14 20:49:53 WARNING (MainThread) [homeassistant.components.mqtt.binary_sensor] No matching payload found for entity: hal_entree_3_update_available with state topic: zigbee2mqtt/hal_entree_3. Payload: , with value template Template("{{ value_json.update_available}}")
2020-04-14 20:49:53 WARNING (MainThread) [homeassistant.components.mqtt.binary_sensor] No matching payload found for entity: hal_entree_4_update_available with state topic: zigbee2mqtt/hal_entree_4. Payload: , with value template Template("{{ value_json.update_available}}")
2020-04-14 20:49:58 WARNING (MainThread) [homeassistant.components.mqtt.binary_sensor] No matching payload found for entity: hal_1e_verdieping_1_update_available with state topic: zigbee2mqtt/hal_1e_verdieping_1. Payload: , with value template Template("{{ value_json.update_available}}")
2020-04-14 20:49:58 WARNING (MainThread) [homeassistant.components.mqtt.binary_sensor] No matching payload found for entity: hal_1e_verdieping_2_update_available with state topic: zigbee2mqtt/hal_1e_verdieping_2. Payload: , with value template Template("{{ value_json.update_available}}")
2020-04-14 20:49:58 WARNING (MainThread) [homeassistant.components.mqtt.binary_sensor] No matching payload found for entity: hal_1e_verdieping_3_update_available with state topic: zigbee2mqtt/hal_1e_verdieping_3. Payload: , with value template Template("{{ value_json.update_available}}")
2020-04-14 20:49:58 WARNING (MainThread) [homeassistant.components.mqtt.binary_sensor] No matching payload found for entity: hal_1e_verdieping_4_update_available with state topic: zigbee2mqtt/hal_1e_verdieping_4. Payload: , with value template Template("{{ value_json.update_available}}")
2020-04-14 20:51:54 WARNING (MainThread) [homeassistant.components.mqtt.binary_sensor] No matching payload found for entity: hal_entree_1_update_available with state topic: zigbee2mqtt/hal_entree_1. Payload: , with value template Template("{{ value_json.update_available}}")
2020-04-14 20:51:54 WARNING (MainThread) [homeassistant.components.mqtt.binary_sensor] No matching payload found for entity: hal_entree_2_update_available with state topic: zigbee2mqtt/hal_entree_2. Payload: , with value template Template("{{ value_json.update_available}}")
2020-04-14 20:51:54 WARNING (MainThread) [homeassistant.components.mqtt.binary_sensor] No matching payload found for entity: hal_entree_3_update_available with state topic: zigbee2mqtt/hal_entree_3. Payload: , with value template Template("{{ value_json.update_available}}")
2020-04-14 20:51:54 WARNING (MainThread) [homeassistant.components.mqtt.binary_sensor] No matching payload found for entity: hal_entree_4_update_available with state topic: zigbee2mqtt/hal_entree_4. Payload: , with value template Template("{{ value_json.update_available}}")
2020-04-14 20:51:58 WARNING (MainThread) [homeassistant.components.mqtt.binary_sensor] No matching payload found for entity: hal_1e_verdieping_1_update_available with state topic: zigbee2mqtt/hal_1e_verdieping_1. Payload: , with value template Template("{{ value_json.update_available}}")
2020-04-14 20:51:58 WARNING (MainThread) [homeassistant.components.mqtt.binary_sensor] No matching payload found for entity: hal_1e_verdieping_2_update_available with state topic: zigbee2mqtt/hal_1e_verdieping_2. Payload: , with value template Template("{{ value_json.update_available}}")
2020-04-14 20:51:58 WARNING (MainThread) [homeassistant.components.mqtt.binary_sensor] No matching payload found for entity: hal_1e_verdieping_3_update_available with state topic: zigbee2mqtt/hal_1e_verdieping_3. Payload: , with value template Template("{{ value_json.update_available}}")
2020-04-14 20:51:58 WARNING (MainThread) [homeassistant.components.mqtt.binary_sensor] No matching payload found for entity: hal_1e_verdieping_4_update_available with state topic: zigbee2mqtt/hal_1e_verdieping_4. Payload: , with value template Template("{{ value_json.update_available}}")
2020-04-14 20:52:17 WARNING (MainThread) [homeassistant.helpers.entity] Update of sensor.chromecast_devices is taking over 10 seconds
2020-04-14 20:55:22 WARNING (MainThread) [homeassistant.helpers.entity] Update of sensor.chromecast_devices is taking over 10 seconds
2020-04-14 20:55:53 WARNING (MainThread) [homeassistant.helpers.entity] Update of sensor.chromecast_devices is taking over 10 seconds
2020-04-14 20:56:24 WARNING (MainThread) [homeassistant.helpers.entity] Update of sensor.chromecast_devices is taking over 10 seconds
2020-04-14 20:58:59 WARNING (MainThread) [homeassistant.helpers.entity] Update of sensor.chromecast_devices is taking over 10 seconds
2020-04-14 20:59:35 WARNING (MainThread) [homeassistant.components.lovelace] Resources need to be specified in your configuration.yaml. Please see the docs.
2020-04-14 20:59:36 ERROR (MainThread) [frontend.js.latest.202003181] https://wperibnfw0qjf7edk9e2czhduupdolo4.ui.nabu.casa/local/js/compact-custom-header.js?v=0.0.1:279:34 TypeError: null is not an object (evaluating 'buttons[button].style')
2020-04-14 20:59:36 ERROR (MainThread) [frontend.js.latest.202003181] https://wperibnfw0qjf7edk9e2czhduupdolo4.ui.nabu.casa/local/js/compact-custom-header.js?v=0.0.1:580:16 TypeError: null is not an object (evaluating 'buttons.voice.style')
2020-04-14 21:00:09 WARNING (MainThread) [homeassistant.components.mqtt.binary_sensor] No matching payload found for entity: woonkamer_eettafel_update_available with state topic: zigbee2mqtt/woonkamer_eettafel. Payload: , with value template Template("{{ value_json.update_available}}")
2020-04-14 21:00:09 WARNING (MainThread) [homeassistant.components.mqtt.binary_sensor] No matching payload found for entity: woonkamer_eettafel_update_available with state topic: zigbee2mqtt/woonkamer_eettafel. Payload: , with value template Template("{{ value_json.update_available}}")
2020-04-14 21:00:11 WARNING (MainThread) [homeassistant.components.mqtt.binary_sensor] No matching payload found for entity: woonkamer_eettafel_update_available with state topic: zigbee2mqtt/woonkamer_eettafel. Payload: , with value template Template("{{ value_json.update_available}}")
2020-04-14 21:00:16 WARNING (MainThread) [homeassistant.components.mqtt.binary_sensor] No matching payload found for entity: woonkamer_eettafel_update_available with state topic: zigbee2mqtt/woonkamer_eettafel. Payload: , with value template Template("{{ value_json.update_available}}")
2020-04-14 21:01:03 WARNING (MainThread) [homeassistant.helpers.entity] Update of sensor.chromecast_devices is taking over 10 seconds
2020-04-14 21:02:05 WARNING (MainThread) [homeassistant.helpers.entity] Update of sensor.chromecast_devices is taking over 10 seconds
2020-04-14 21:04:09 WARNING (MainThread) [homeassistant.helpers.entity] Update of sensor.chromecast_devices is taking over 10 seconds
2020-04-14 21:08:16 WARNING (MainThread) [homeassistant.helpers.entity] Update of sensor.chromecast_devices is taking over 10 seconds
2020-04-14 21:10:20 WARNING (MainThread) [homeassistant.helpers.entity] Update of sensor.chromecast_devices is taking over 10 seconds
2020-04-14 21:15:30 WARNING (MainThread) [homeassistant.helpers.entity] Update of sensor.chromecast_devices is taking over 10 seconds
2020-04-14 21:19:37 WARNING (MainThread) [homeassistant.helpers.entity] Update of sensor.chromecast_devices is taking over 10 seconds
2020-04-14 21:22:07 ERROR (MainThread) [frontend.js.latest.202003181] http://10.0.1.2:8123/local/js/compact-custom-header.js?v=0.0.1:279:35 Uncaught TypeError: Cannot read property 'style' of null
2020-04-14 21:22:07 ERROR (MainThread) [frontend.js.latest.202003181] http://10.0.1.2:8123/local/js/compact-custom-header.js?v=0.0.1:279:35 Uncaught TypeError: Cannot read property 'style' of null
2020-04-14 21:22:07 ERROR (MainThread) [frontend.js.latest.202003181] http://10.0.1.2:8123/local/js/compact-custom-header.js?v=0.0.1:580:17 Uncaught TypeError: Cannot read property 'style' of null
2020-04-14 21:22:12 WARNING (MainThread) [homeassistant.helpers.entity] Update of sensor.chromecast_devices is taking over 10 seconds
2020-04-14 21:26:19 WARNING (MainThread) [homeassistant.helpers.entity] Update of sensor.chromecast_devices is taking over 10 seconds
2020-04-14 21:26:50 WARNING (MainThread) [homeassistant.helpers.entity] Update of sensor.chromecast_devices is taking over 10 seconds
2020-04-14 21:27:21 WARNING (MainThread) [homeassistant.helpers.entity] Update of sensor.chromecast_devices is taking over 10 seconds
2020-04-14 21:29:35 WARNING (MainThread) [homeassistant.components.lovelace] Resources need to be specified in your configuration.yaml. Please see the docs.
2020-04-14 21:29:36 ERROR (MainThread) [frontend.js.latest.202003181] http://10.0.1.2:8123/local/js/compact-custom-header.js?v=0.0.1:279:35 Uncaught TypeError: Cannot read property 'style' of null
2020-04-14 21:29:36 ERROR (MainThread) [frontend.js.latest.202003181] http://10.0.1.2:8123/local/js/compact-custom-header.js?v=0.0.1:279:35 Uncaught TypeError: Cannot read property 'style' of null
2020-04-14 21:29:36 ERROR (MainThread) [frontend.js.latest.202003181] http://10.0.1.2:8123/local/js/compact-custom-header.js?v=0.0.1:580:17 Uncaught TypeError: Cannot read property 'style' of null
2020-04-14 21:33:06 ERROR (MainThread) [frontend.js.latest.202003181] http://10.0.1.2:8123/local/js/compact-custom-header.js?v=0.0.1:279:35 Uncaught TypeError: Cannot read property 'style' of null
2020-04-14 21:33:06 ERROR (MainThread) [frontend.js.latest.202003181] http://10.0.1.2:8123/local/js/compact-custom-header.js?v=0.0.1:279:35 Uncaught TypeError: Cannot read property 'style' of null
2020-04-14 21:33:06 ERROR (MainThread) [frontend.js.latest.202003181] http://10.0.1.2:8123/local/js/compact-custom-header.js?v=0.0.1:580:17 Uncaught TypeError: Cannot read property 'style' of null
2020-04-14 21:33:22 WARNING (MainThread) [homeassistant.components.lovelace] Resources need to be specified in your configuration.yaml. Please see the docs.
2020-04-14 21:33:22 ERROR (MainThread) [frontend.js.latest.202003181] http://10.0.1.2:8123/local/js/compact-custom-header.js?v=0.0.1:279:35 Uncaught TypeError: Cannot read property 'style' of null
2020-04-14 21:33:22 ERROR (MainThread) [frontend.js.latest.202003181] http://10.0.1.2:8123/local/js/compact-custom-header.js?v=0.0.1:279:35 Uncaught TypeError: Cannot read property 'style' of null
2020-04-14 21:33:22 ERROR (MainThread) [frontend.js.latest.202003181] http://10.0.1.2:8123/local/js/compact-custom-header.js?v=0.0.1:580:17 Uncaught TypeError: Cannot read property 'style' of null
2020-04-14 21:37:56 WARNING (MainThread) [homeassistant.components.mqtt.binary_sensor] No matching payload found for entity: keuken_1_update_available with state topic: zigbee2mqtt/keuken_1. Payload: , with value template Template("{{ value_json.update_available}}")
2020-04-14 21:37:56 WARNING (MainThread) [homeassistant.components.mqtt.binary_sensor] No matching payload found for entity: keuken_2_update_available with state topic: zigbee2mqtt/keuken_2. Payload: , with value template Template("{{ value_json.update_available}}")
2020-04-14 21:37:56 WARNING (MainThread) [homeassistant.components.mqtt.binary_sensor] No matching payload found for entity: keuken_3_update_available with state topic: zigbee2mqtt/keuken_3. Payload: , with value template Template("{{ value_json.update_available}}")
2020-04-14 21:37:56 WARNING (MainThread) [homeassistant.components.mqtt.binary_sensor] No matching payload found for entity: keuken_4_update_available with state topic: zigbee2mqtt/keuken_4. Payload: , with value template Template("{{ value_json.update_available}}")
2020-04-14 21:37:56 WARNING (MainThread) [homeassistant.components.mqtt.binary_sensor] No matching payload found for entity: keuken_5_update_available with state topic: zigbee2mqtt/keuken_5. Payload: , with value template Template("{{ value_json.update_available}}")
2020-04-14 21:37:56 WARNING (MainThread) [homeassistant.components.mqtt.binary_sensor] No matching payload found for entity: keuken_6_update_available with state topic: zigbee2mqtt/keuken_6. Payload: , with value template Template("{{ value_json.update_available}}")
2020-04-14 21:37:56 WARNING (MainThread) [homeassistant.components.mqtt.binary_sensor] No matching payload found for entity: keuken_7_update_available with state topic: zigbee2mqtt/keuken_7. Payload: , with value template Template("{{ value_json.update_available}}")
2020-04-14 21:37:56 WARNING (MainThread) [homeassistant.components.mqtt.binary_sensor] No matching payload found for entity: keuken_8_update_available with state topic: zigbee2mqtt/keuken_8. Payload: , with value template Template("{{ value_json.update_available}}")
2020-04-14 21:37:56 WARNING (MainThread) [homeassistant.components.mqtt.binary_sensor] No matching payload found for entity: keuken_9_update_available with state topic: zigbee2mqtt/keuken_9. Payload: , with value template Template("{{ value_json.update_available}}")
2020-04-14 21:37:59 WARNING (MainThread) [homeassistant.components.mqtt.binary_sensor] No matching payload found for entity: keuken_1_update_available with state topic: zigbee2mqtt/keuken_1. Payload: , with value template Template("{{ value_json.update_available}}")
2020-04-14 21:37:59 WARNING (MainThread) [homeassistant.components.mqtt.binary_sensor] No matching payload found for entity: keuken_2_update_available with state topic: zigbee2mqtt/keuken_2. Payload: , with value template Template("{{ value_json.update_available}}")
2020-04-14 21:37:59 WARNING (MainThread) [homeassistant.components.mqtt.binary_sensor] No matching payload found for entity: keuken_3_update_available with state topic: zigbee2mqtt/keuken_3. Payload: , with value template Template("{{ value_json.update_available}}")
2020-04-14 21:37:59 WARNING (MainThread) [homeassistant.components.mqtt.binary_sensor] No matching payload found for entity: keuken_4_update_available with state topic: zigbee2mqtt/keuken_4. Payload: , with value template Template("{{ value_json.update_available}}")
2020-04-14 21:37:59 WARNING (MainThread) [homeassistant.components.mqtt.binary_sensor] No matching payload found for entity: keuken_5_update_available with state topic: zigbee2mqtt/keuken_5. Payload: , with value template Template("{{ value_json.update_available}}")
2020-04-14 21:37:59 WARNING (MainThread) [homeassistant.components.mqtt.binary_sensor] No matching payload found for entity: keuken_6_update_available with state topic: zigbee2mqtt/keuken_6. Payload: , with value template Template("{{ value_json.update_available}}")
2020-04-14 21:37:59 WARNING (MainThread) [homeassistant.components.mqtt.binary_sensor] No matching payload found for entity: keuken_7_update_available with state topic: zigbee2mqtt/keuken_7. Payload: , with value template Template("{{ value_json.update_available}}")
2020-04-14 21:37:59 WARNING (MainThread) [homeassistant.components.mqtt.binary_sensor] No matching payload found for entity: keuken_8_update_available with state topic: zigbee2mqtt/keuken_8. Payload: , with value template Template("{{ value_json.update_available}}")
2020-04-14 21:38:00 WARNING (MainThread) [homeassistant.components.mqtt.binary_sensor] No matching payload found for entity: keuken_9_update_available with state topic: zigbee2mqtt/keuken_9. Payload: , with value template Template("{{ value_json.update_available}}")
2020-04-14 21:38:01 WARNING (MainThread) [homeassistant.components.mqtt.binary_sensor] No matching payload found for entity: keuken_1_update_available with state topic: zigbee2mqtt/keuken_1. Payload: , with value template Template("{{ value_json.update_available}}")
2020-04-14 21:38:01 WARNING (MainThread) [homeassistant.components.mqtt.binary_sensor] No matching payload found for entity: keuken_2_update_available with state topic: zigbee2mqtt/keuken_2. Payload: , with value template Template("{{ value_json.update_available}}")
2020-04-14 21:38:01 WARNING (MainThread) [homeassistant.components.mqtt.binary_sensor] No matching payload found for entity: keuken_3_update_available with state topic: zigbee2mqtt/keuken_3. Payload: , with value template Template("{{ value_json.update_available}}")
2020-04-14 21:38:01 WARNING (MainThread) [homeassistant.components.mqtt.binary_sensor] No matching payload found for entity: keuken_4_update_available with state topic: zigbee2mqtt/keuken_4. Payload: , with value template Template("{{ value_json.update_available}}")
2020-04-14 21:38:01 WARNING (MainThread) [homeassistant.components.mqtt.binary_sensor] No matching payload found for entity: keuken_5_update_available with state topic: zigbee2mqtt/keuken_5. Payload: , with value template Template("{{ value_json.update_available}}")
2020-04-14 21:38:01 WARNING (MainThread) [homeassistant.components.mqtt.binary_sensor] No matching payload found for entity: keuken_6_update_available with state topic: zigbee2mqtt/keuken_6. Payload: , with value template Template("{{ value_json.update_available}}")
2020-04-14 21:38:01 WARNING (MainThread) [homeassistant.components.mqtt.binary_sensor] No matching payload found for entity: keuken_7_update_available with state topic: zigbee2mqtt/keuken_7. Payload: , with value template Template("{{ value_json.update_available}}")
2020-04-14 21:38:01 WARNING (MainThread) [homeassistant.components.mqtt.binary_sensor] No matching payload found for entity: keuken_8_update_available with state topic: zigbee2mqtt/keuken_8. Payload: , with value template Template("{{ value_json.update_available}}")
2020-04-14 21:38:01 WARNING (MainThread) [homeassistant.components.mqtt.binary_sensor] No matching payload found for entity: keuken_9_update_available with state topic: zigbee2mqtt/keuken_9. Payload: , with value template Template("{{ value_json.update_available}}")
2020-04-14 21:38:03 WARNING (MainThread) [homeassistant.components.mqtt.binary_sensor] No matching payload found for entity: keuken_1_update_available with state topic: zigbee2mqtt/keuken_1. Payload: , with value template Template("{{ value_json.update_available}}")
2020-04-14 21:38:03 WARNING (MainThread) [homeassistant.components.mqtt.binary_sensor] No matching payload found for entity: keuken_2_update_available with state topic: zigbee2mqtt/keuken_2. Payload: , with value template Template("{{ value_json.update_available}}")
2020-04-14 21:38:03 WARNING (MainThread) [homeassistant.components.mqtt.binary_sensor] No matching payload found for entity: keuken_3_update_available with state topic: zigbee2mqtt/keuken_3. Payload: , with value template Template("{{ value_json.update_available}}")
2020-04-14 21:38:03 WARNING (MainThread) [homeassistant.components.mqtt.binary_sensor] No matching payload found for entity: keuken_4_update_available with state topic: zigbee2mqtt/keuken_4. Payload: , with value template Template("{{ value_json.update_available}}")
2020-04-14 21:38:03 WARNING (MainThread) [homeassistant.components.mqtt.binary_sensor] No matching payload found for entity: keuken_5_update_available with state topic: zigbee2mqtt/keuken_5. Payload: , with value template Template("{{ value_json.update_available}}")
2020-04-14 21:38:03 WARNING (MainThread) [homeassistant.components.mqtt.binary_sensor] No matching payload found for entity: keuken_6_update_available with state topic: zigbee2mqtt/keuken_6. Payload: , with value template Template("{{ value_json.update_available}}")
2020-04-14 21:38:03 WARNING (MainThread) [homeassistant.components.mqtt.binary_sensor] No matching payload found for entity: keuken_7_update_available with state topic: zigbee2mqtt/keuken_7. Payload: , with value template Template("{{ value_json.update_available}}")
2020-04-14 21:38:03 WARNING (MainThread) [homeassistant.components.mqtt.binary_sensor] No matching payload found for entity: keuken_8_update_available with state topic: zigbee2mqtt/keuken_8. Payload: , with value template Template("{{ value_json.update_available}}")
2020-04-14 21:38:03 WARNING (MainThread) [homeassistant.components.mqtt.binary_sensor] No matching payload found for entity: keuken_9_update_available with state topic: zigbee2mqtt/keuken_9. Payload: , with value template Template("{{ value_json.update_available}}")
2020-04-14 21:38:09 WARNING (MainThread) [homeassistant.components.mqtt.binary_sensor] No matching payload found for entity: keuken_1_update_available with state topic: zigbee2mqtt/keuken_1. Payload: , with value template Template("{{ value_json.update_available}}")
2020-04-14 21:38:09 WARNING (MainThread) [homeassistant.components.mqtt.binary_sensor] No matching payload found for entity: keuken_2_update_available with state topic: zigbee2mqtt/keuken_2. Payload: , with value template Template("{{ value_json.update_available}}")
2020-04-14 21:38:09 WARNING (MainThread) [homeassistant.components.mqtt.binary_sensor] No matching payload found for entity: keuken_3_update_available with state topic: zigbee2mqtt/keuken_3. Payload: , with value template Template("{{ value_json.update_available}}")
2020-04-14 21:38:10 WARNING (MainThread) [homeassistant.components.mqtt.binary_sensor] No matching payload found for entity: keuken_4_update_available with state topic: zigbee2mqtt/keuken_4. Payload: , with value template Template("{{ value_json.update_available}}")
2020-04-14 21:38:10 WARNING (MainThread) [homeassistant.components.mqtt.binary_sensor] No matching payload found for entity: keuken_5_update_available with state topic: zigbee2mqtt/keuken_5. Payload: , with value template Template("{{ value_json.update_available}}")
2020-04-14 21:38:10 WARNING (MainThread) [homeassistant.components.mqtt.binary_sensor] No matching payload found for entity: keuken_6_update_available with state topic: zigbee2mqtt/keuken_6. Payload: , with value template Template("{{ value_json.update_available}}")
2020-04-14 21:38:10 WARNING (MainThread) [homeassistant.components.mqtt.binary_sensor] No matching payload found for entity: keuken_7_update_available with state topic: zigbee2mqtt/keuken_7. Payload: , with value template Template("{{ value_json.update_available}}")
2020-04-14 21:38:10 WARNING (MainThread) [homeassistant.components.mqtt.binary_sensor] No matching payload found for entity: keuken_8_update_available with state topic: zigbee2mqtt/keuken_8. Payload: , with value template Template("{{ value_json.update_available}}")
2020-04-14 21:38:10 WARNING (MainThread) [homeassistant.components.mqtt.binary_sensor] No matching payload found for entity: keuken_9_update_available with state topic: zigbee2mqtt/keuken_9. Payload: , with value template Template("{{ value_json.update_available}}")
2020-04-14 21:39:59 ERROR (MainThread) [frontend.js.latest.202003181] http://10.0.1.2:8123/local/js/compact-custom-header.js?v=0.0.1:279:35 Uncaught TypeError: Cannot read property 'style' of null
2020-04-14 21:39:59 ERROR (MainThread) [frontend.js.latest.202003181] http://10.0.1.2:8123/local/js/compact-custom-header.js?v=0.0.1:279:35 Uncaught TypeError: Cannot read property 'style' of null
2020-04-14 21:39:59 ERROR (MainThread) [frontend.js.latest.202003181] http://10.0.1.2:8123/local/js/compact-custom-header.js?v=0.0.1:580:17 Uncaught TypeError: Cannot read property 'style' of null
2020-04-14 21:41:47 WARNING (MainThread) [homeassistant.helpers.entity] Update of sensor.chromecast_devices is taking over 10 seconds
2020-04-14 21:47:50 ERROR (MainThread) [frontend.js.latest.202003181] http://10.0.1.2:8123/local/js/compact-custom-header.js?v=0.0.1:279:35 Uncaught TypeError: Cannot read property 'style' of null
2020-04-14 21:47:50 ERROR (MainThread) [frontend.js.latest.202003181] http://10.0.1.2:8123/local/js/compact-custom-header.js?v=0.0.1:279:35 Uncaught TypeError: Cannot read property 'style' of null
2020-04-14 21:47:50 ERROR (MainThread) [frontend.js.latest.202003181] http://10.0.1.2:8123/local/js/compact-custom-header.js?v=0.0.1:580:17 Uncaught TypeError: Cannot read property 'style' of null
2020-04-14 21:47:59 WARNING (MainThread) [homeassistant.helpers.entity] Update of sensor.chromecast_devices is taking over 10 seconds
2020-04-14 21:51:01 ERROR (MainThread) [frontend.js.latest.202003181] http://10.0.1.2:8123/local/js/compact-custom-header.js?v=0.0.1:279:35 Uncaught TypeError: Cannot read property 'style' of null
2020-04-14 21:51:01 ERROR (MainThread) [frontend.js.latest.202003181] http://10.0.1.2:8123/local/js/compact-custom-header.js?v=0.0.1:279:35 Uncaught TypeError: Cannot read property 'style' of null
2020-04-14 21:51:01 ERROR (MainThread) [frontend.js.latest.202003181] http://10.0.1.2:8123/local/js/compact-custom-header.js?v=0.0.1:580:17 Uncaught TypeError: Cannot read property 'style' of null
2020-04-14 21:52:07 WARNING (MainThread) [homeassistant.helpers.entity] Update of sensor.chromecast_devices is taking over 10 seconds
2020-04-14 21:58:19 WARNING (MainThread) [homeassistant.helpers.entity] Update of sensor.chromecast_devices is taking over 10 seconds
2020-04-14 22:00:54 WARNING (MainThread) [homeassistant.helpers.entity] Update of sensor.chromecast_devices is taking over 10 seconds
2020-04-14 22:01:56 WARNING (MainThread) [homeassistant.helpers.entity] Update of sensor.chromecast_devices is taking over 10 seconds
2020-04-14 22:08:06 WARNING (MainThread) [homeassistant.helpers.entity] Update of sensor.chromecast_devices is taking over 10 seconds
2020-04-14 22:09:39 WARNING (MainThread) [homeassistant.helpers.entity] Update of sensor.chromecast_devices is taking over 10 seconds
2020-04-14 22:12:45 WARNING (MainThread) [homeassistant.helpers.entity] Update of sensor.chromecast_devices is taking over 10 seconds
2020-04-14 22:13:16 WARNING (MainThread) [homeassistant.helpers.entity] Update of sensor.chromecast_devices is taking over 10 seconds
2020-04-14 22:18:26 WARNING (MainThread) [homeassistant.helpers.entity] Update of sensor.chromecast_devices is taking over 10 seconds
2020-04-14 22:22:34 WARNING (MainThread) [homeassistant.helpers.entity] Update of sensor.chromecast_devices is taking over 10 seconds
2020-04-14 22:24:35 ERROR (MainThread) [frontend.js.latest.202003181] http://10.0.1.2:8123/local/js/compact-custom-header.js?v=0.0.1:279:35 Uncaught TypeError: Cannot read property 'style' of null
2020-04-14 22:24:35 ERROR (MainThread) [frontend.js.latest.202003181] http://10.0.1.2:8123/local/js/compact-custom-header.js?v=0.0.1:279:35 Uncaught TypeError: Cannot read property 'style' of null
2020-04-14 22:24:35 ERROR (MainThread) [frontend.js.latest.202003181] http://10.0.1.2:8123/local/js/compact-custom-header.js?v=0.0.1:580:17 Uncaught TypeError: Cannot read property 'style' of null
2020-04-14 22:24:37 WARNING (MainThread) [homeassistant.helpers.entity] Update of sensor.chromecast_devices is taking over 10 seconds
2020-04-14 22:26:40 WARNING (MainThread) [homeassistant.helpers.entity] Update of sensor.chromecast_devices is taking over 10 seconds
2020-04-14 22:28:13 WARNING (MainThread) [homeassistant.helpers.entity] Update of sensor.chromecast_devices is taking over 10 seconds
